<?xml version="1.0" encoding="UTF-8"?>
<!-- Generated by org.testng.reporters.JUnitReportReporter -->
<testsuite skipped="0" hostname="HYDL2-ASRI4942" name="fms.mavenproject.AppiumTest" tests="2" failures="0" timestamp="2023-03-05T08:43:08 IST" time="0.002" errors="0">
  <testcase name="faceBook" time="0.001" classname="fms.mavenproject.AppiumTest"/>
  <system-out/>
  <testcase name="youtube" time="0.001" classname="fms.mavenproject.AppiumTest"/>
  <system-out/>
</testsuite> <!-- fms.mavenproject.AppiumTest -->
