<?xml version="1.0" encoding="UTF-8"?>
<!-- Generated by org.testng.reporters.JUnitReportReporter -->
<testsuite skipped="0" hostname="HYDL2-ASRI4942" name="fms.mavenproject.SeleniumTest" tests="2" failures="0" timestamp="2023-03-05T08:43:08 IST" time="0.008" errors="0">
  <testcase name="snapdeal" time="0.000" classname="fms.mavenproject.SeleniumTest"/>
  <system-out/>
  <testcase name="myntra" time="0.008" classname="fms.mavenproject.SeleniumTest"/>
  <system-out/>
</testsuite> <!-- fms.mavenproject.SeleniumTest -->
